<?xml version="1.0" encoding="UTF-8"?>
<!-- Generated by org.testng.reporters.JUnitReportReporter -->
<testsuite hostname="Shreeya-PC" failures="0" tests="2" name="Tempack1.TestNGCri" time="66.988" errors="0" timestamp="2022-09-20T13:19:50 IST" skipped="0">
  <testcase classname="Tempack1.TestNGCri" name="test" time="66.666"/>
  <system-out/>
  <testcase classname="Tempack1.TestNGCri" name="test1" time="0.322"/>
  <system-out/>
</testsuite> <!-- Tempack1.TestNGCri -->
